<?xml version="1.0" encoding="UTF-8"?>
<testng-results skipped="0" failed="0" ignored="0" total="1" passed="1">
  <reporter-output>
  </reporter-output>
  <suite name="Sample test Suite" duration-ms="55169" started-at="2020-03-06T13:21:17 IST" finished-at="2020-03-06T13:22:12 IST">
    <groups>
    </groups>
    <test name="Sample test" duration-ms="55169" started-at="2020-03-06T13:21:17 IST" finished-at="2020-03-06T13:22:12 IST">
      <class name="com.training.sanity.tests.RealEstate_AddPost_Test_Medium_RETC_040">
        <test-method status="PASS" signature="setUpBeforeClass()[pri:0, instance:com.training.sanity.tests.RealEstate_AddPost_Test_Medium_RETC_040@79be0360]" name="setUpBeforeClass" is-config="true" duration-ms="13" started-at="2020-03-06T13:21:17 IST" finished-at="2020-03-06T13:21:17 IST">
          <reporter-output>
          </reporter-output>
        </test-method> <!-- setUpBeforeClass -->
        <test-method status="PASS" signature="setUp()[pri:0, instance:com.training.sanity.tests.RealEstate_AddPost_Test_Medium_RETC_040@79be0360]" name="setUp" is-config="true" duration-ms="20801" started-at="2020-03-06T13:21:17 IST" finished-at="2020-03-06T13:21:38 IST">
          <reporter-output>
          </reporter-output>
        </test-method> <!-- setUp -->
        <test-method status="PASS" signature="addPostTest()[pri:0, instance:com.training.sanity.tests.RealEstate_AddPost_Test_Medium_RETC_040@79be0360]" name="addPostTest" duration-ms="32295" started-at="2020-03-06T13:21:38 IST" finished-at="2020-03-06T13:22:10 IST">
          <reporter-output>
          </reporter-output>
        </test-method> <!-- addPostTest -->
        <test-method status="PASS" signature="tearDown()[pri:0, instance:com.training.sanity.tests.RealEstate_AddPost_Test_Medium_RETC_040@79be0360]" name="tearDown" is-config="true" duration-ms="2009" started-at="2020-03-06T13:22:10 IST" finished-at="2020-03-06T13:22:12 IST">
          <reporter-output>
          </reporter-output>
        </test-method> <!-- tearDown -->
      </class> <!-- com.training.sanity.tests.RealEstate_AddPost_Test_Medium_RETC_040 -->
    </test> <!-- Sample test -->
  </suite> <!-- Sample test Suite -->
</testng-results>
