<?xml version="1.0" encoding="UTF-8"?>
<testng-results skipped="0" failed="0" ignored="0" total="1" passed="1">
  <reporter-output>
  </reporter-output>
  <suite name="Sample test Suite" duration-ms="29177" started-at="2020-03-03T09:35:00Z" finished-at="2020-03-03T09:35:29Z">
    <groups>
    </groups>
    <test name="Sample test" duration-ms="29177" started-at="2020-03-03T09:35:00Z" finished-at="2020-03-03T09:35:29Z">
      <class name="com.training.sanity.tests.LoginTests">
        <test-method status="PASS" signature="setUpBeforeClass()[pri:0, instance:com.training.sanity.tests.LoginTests@5c7fa833]" name="setUpBeforeClass" is-config="true" duration-ms="11" started-at="2020-03-03T15:05:00Z" finished-at="2020-03-03T15:05:00Z">
          <reporter-output>
          </reporter-output>
        </test-method> <!-- setUpBeforeClass -->
        <test-method status="PASS" signature="setUp()[pri:0, instance:com.training.sanity.tests.LoginTests@5c7fa833]" name="setUp" is-config="true" duration-ms="18790" started-at="2020-03-03T15:05:00Z" finished-at="2020-03-03T15:05:19Z">
          <reporter-output>
          </reporter-output>
        </test-method> <!-- setUp -->
        <test-method status="PASS" signature="validLoginTest()[pri:0, instance:com.training.sanity.tests.LoginTests@5c7fa833]" name="validLoginTest" duration-ms="8246" started-at="2020-03-03T15:05:19Z" finished-at="2020-03-03T15:05:27Z">
          <reporter-output>
          </reporter-output>
        </test-method> <!-- validLoginTest -->
        <test-method status="PASS" signature="tearDown()[pri:0, instance:com.training.sanity.tests.LoginTests@5c7fa833]" name="tearDown" is-config="true" duration-ms="2109" started-at="2020-03-03T15:05:27Z" finished-at="2020-03-03T15:05:29Z">
          <reporter-output>
          </reporter-output>
        </test-method> <!-- tearDown -->
      </class> <!-- com.training.sanity.tests.LoginTests -->
    </test> <!-- Sample test -->
  </suite> <!-- Sample test Suite -->
</testng-results>
